SF:lib\book_details\repository\book_detail_repository.dart
DA:7,4
DA:9,0
DA:11,0
DA:18,1
DA:20,1
DA:21,2
LF:6
LH:4
end_of_record
SF:lib\book_details\services\open_library_book_detail_data_source.dart
DA:11,1
DA:13,1
DA:15,2
DA:16,1
DA:19,4
DA:20,2
DA:22,1
DA:27,2
DA:29,1
DA:35,1
DA:36,1
LF:11
LH:11
end_of_record
SF:lib\network\http_client.dart
DA:9,2
LF:1
LH:1
end_of_record
SF:lib\search\models\book_detail_model.dart
DA:6,3
DA:12,2
DA:13,2
DA:17,2
DA:19,1
DA:21,1
DA:26,2
DA:28,2
DA:29,4
DA:30,1
DA:32,2
DA:33,2
LF:12
LH:12
end_of_record
SF:lib\book_details\view_models\book_detail_state.dart
DA:4,2
DA:8,1
DA:12,1
DA:18,2
DA:24,2
LF:5
LH:5
end_of_record
SF:lib\book_details\view_models\book_detail_view_model.dart
DA:8,2
DA:12,4
DA:14,2
DA:15,2
DA:16,2
DA:19,4
DA:21,4
DA:22,2
DA:23,6
DA:25,0
DA:28,2
LF:11
LH:10
end_of_record
SF:lib\favourites\models\favourite_book_model.dart
DA:10,2
DA:18,1
DA:19,1
DA:20,1
DA:21,1
DA:22,1
DA:23,1
DA:24,1
DA:28,1
DA:29,1
DA:31,1
DA:32,1
DA:33,1
DA:34,2
DA:35,1
DA:36,1
DA:40,1
DA:41,1
DA:42,1
DA:43,1
DA:44,2
DA:45,1
DA:46,1
DA:50,1
DA:51,1
DA:52,1
DA:53,1
DA:54,1
DA:55,1
DA:56,1
LF:30
LH:30
end_of_record
SF:lib\search\models\book_model.dart
DA:8,5
DA:16,2
DA:17,2
DA:19,6
DA:21,2
DA:23,2
DA:24,4
DA:25,1
DA:27,2
DA:29,2
DA:31,2
DA:32,2
DA:36,0
DA:37,0
DA:41,0
DA:44,3
DA:45,6
DA:49,6
DA:52,3
DA:53,3
DA:57,6
LF:21
LH:18
end_of_record
SF:lib\favourites\providers\favourites_provider.dart
DA:9,4
DA:13,6
DA:17,4
DA:21,4
DA:23,2
DA:24,2
DA:25,2
DA:27,2
DA:30,8
DA:32,2
DA:34,2
DA:36,2
DA:40,4
DA:41,14
DA:44,2
DA:45,4
DA:49,6
DA:51,12
DA:53,1
DA:55,2
DA:57,2
DA:60,2
DA:62,2
DA:64,1
DA:66,1
LF:25
LH:25
end_of_record
SF:lib\favourites\repository\favourites_repository.dart
DA:7,1
DA:9,1
DA:10,2
DA:13,1
DA:14,2
DA:17,1
DA:18,2
DA:21,1
DA:22,2
LF:9
LH:9
end_of_record
SF:lib\favourites\services\favourites_local_data_source.dart
DA:18,1
DA:20,1
DA:22,2
DA:24,1
DA:26,1
DA:31,1
DA:33,2
DA:35,1
DA:38,1
DA:42,1
DA:44,2
DA:46,1
DA:51,2
DA:54,1
DA:56,2
DA:58,1
DA:60,1
DA:62,1
DA:66,1
LF:19
LH:19
end_of_record
SF:lib\database\app_database.dart
DA:13,2
DA:14,2
DA:15,2
DA:18,4
DA:20,2
DA:23,2
DA:24,2
DA:26,2
DA:28,2
DA:31,2
DA:32,2
DA:36,0
DA:37,0
DA:47,0
DA:61,0
DA:62,0
DA:63,0
DA:78,2
DA:79,2
DA:82,2
DA:83,2
LF:21
LH:15
end_of_record
SF:lib\search\models\search_result_model.dart
DA:8,2
LF:1
LH:1
end_of_record
SF:lib\search\repository\search_repository.dart
DA:9,4
DA:11,0
DA:13,0
DA:22,1
DA:27,1
DA:32,2
DA:37,1
DA:38,2
DA:40,1
DA:44,1
DA:45,1
DA:46,1
DA:50,1
DA:54,2
DA:56,1
DA:57,1
DA:59,1
LF:17
LH:15
end_of_record
SF:lib\search\services\search_cache_data_source.dart
DA:16,1
DA:18,1
DA:23,2
DA:25,1
DA:28,1
DA:31,3
DA:32,1
DA:34,2
DA:36,1
DA:37,1
DA:38,2
DA:39,1
DA:40,1
DA:46,1
DA:48,2
DA:50,1
DA:53,1
DA:57,2
DA:58,1
DA:60,1
DA:61,1
DA:62,1
DA:63,3
DA:64,1
DA:65,1
DA:67,1
LF:26
LH:26
end_of_record
SF:lib\search\services\open_library_remote_data_source.dart
DA:14,1
DA:16,1
DA:21,1
DA:23,2
DA:24,1
DA:27,4
DA:28,1
DA:29,2
DA:34,2
DA:36,1
DA:40,1
DA:42,1
DA:47,1
DA:48,1
DA:49,1
DA:51,2
DA:53,1
DA:54,1
LF:18
LH:18
end_of_record
SF:lib\app\app_dependencies.dart
DA:25,0
DA:26,0
DA:28,0
DA:29,0
DA:32,0
DA:33,0
DA:36,0
DA:41,0
DA:42,0
DA:45,0
DA:49,0
DA:50,0
DA:53,0
DA:58,0
DA:59,0
DA:62,0
DA:63,0
DA:66,0
DA:67,0
LF:19
LH:0
end_of_record
SF:lib\network\app_http_client.dart
DA:7,0
DA:9,0
DA:11,0
DA:12,0
DA:13,0
DA:15,0
LF:6
LH:0
end_of_record
SF:lib\search\view_models\search_view_model.dart
DA:11,2
DA:15,4
DA:27,2
DA:28,2
DA:30,2
DA:32,2
DA:34,2
DA:36,2
DA:38,2
DA:39,1
DA:41,1
DA:46,2
DA:48,2
DA:51,4
DA:53,4
DA:55,4
DA:56,2
DA:58,4
DA:59,2
DA:60,2
DA:63,2
DA:64,6
DA:66,0
DA:69,2
DA:72,1
DA:73,2
DA:75,3
DA:76,1
DA:80,1
DA:81,1
DA:83,1
DA:87,1
DA:91,4
DA:95,1
DA:97,2
DA:98,1
DA:102,1
DA:105,1
DA:108,2
DA:110,2
DA:111,1
DA:115,1
DA:117,2
DA:119,2
DA:120,3
DA:122,1
DA:124,0
DA:125,0
DA:126,0
DA:127,0
DA:130,0
DA:131,0
DA:132,0
DA:135,1
DA:137,1
DA:141,0
DA:143,0
DA:145,0
DA:148,1
DA:150,2
DA:152,1
LF:61
LH:50
end_of_record
SF:lib\book_details\views\book_detail_page.dart
DA:16,0
DA:18,1
DA:20,1
DA:22,1
DA:23,1
DA:24,1
DA:25,3
DA:26,2
DA:34,1
DA:36,1
DA:38,1
DA:40,1
DA:42,1
DA:44,3
DA:46,1
DA:47,1
DA:48,3
DA:50,1
DA:51,1
DA:52,1
DA:54,0
DA:55,0
DA:62,1
DA:64,1
DA:66,4
DA:68,3
DA:70,1
DA:72,1
DA:73,2
DA:74,0
DA:75,0
DA:76,0
DA:82,1
DA:84,1
DA:86,1
DA:87,2
DA:88,3
DA:91,1
DA:93,3
DA:95,1
DA:97,3
DA:99,1
DA:101,1
DA:103,3
DA:106,1
DA:108,2
DA:110,1
DA:112,4
DA:114,1
DA:116,1
DA:119,1
DA:120,4
DA:121,1
LF:53
LH:47
end_of_record
SF:lib\search\view_models\search_state.dart
DA:4,3
DA:8,1
DA:12,1
DA:20,2
DA:28,1
DA:34,3
LF:6
LH:6
end_of_record
SF:lib\favourites\views\favourites_page.dart
DA:9,1
DA:11,1
DA:13,1
DA:15,1
DA:17,1
DA:18,1
DA:19,1
DA:20,1
DA:21,1
DA:25,1
DA:26,3
DA:29,1
DA:33,1
DA:34,1
DA:35,1
DA:36,1
DA:38,1
DA:40,1
DA:41,1
DA:43,0
DA:44,0
DA:49,2
DA:51,2
DA:52,1
DA:53,1
DA:58,1
DA:60,1
DA:61,1
DA:65,0
DA:66,0
LF:30
LH:26
end_of_record
SF:lib\app\router\app_router.dart
DA:13,0
DA:14,0
DA:15,0
DA:16,0
DA:17,0
LF:5
LH:0
end_of_record
SF:lib\search\views\search_page.dart
DA:12,1
DA:14,1
DA:16,1
DA:18,1
DA:20,1
DA:21,1
DA:24,1
DA:25,1
DA:27,0
DA:28,0
DA:34,1
DA:35,1
DA:36,1
DA:38,1
DA:39,1
DA:48,3
DA:49,0
DA:63,1
DA:65,1
DA:67,1
DA:71,1
DA:73,4
DA:75,4
DA:78,1
DA:89,1
DA:91,1
DA:104,1
DA:110,1
DA:112,1
DA:114,1
DA:115,0
DA:116,0
DA:117,0
DA:118,0
DA:124,1
DA:125,4
DA:127,1
DA:128,3
DA:135,2
DA:137,2
DA:139,1
DA:140,1
DA:142,0
DA:144,2
DA:146,2
DA:147,1
DA:148,1
DA:153,1
DA:154,3
DA:156,1
DA:158,0
DA:159,0
DA:163,0
DA:164,0
LF:54
LH:42
end_of_record
